<?xml version="1.0" encoding="UTF-8"?>
<!-- Generated by org.testng.reporters.JUnitXMLReporter -->
<testsuite hostname="Namana-L" ignored="0" name="Test" tests="1" failures="0" timestamp="24 Jul 2017 04:12:22 GMT" time="0.082" errors="0">
  <testcase name="@AfterTest end" time="0.001" classname="com.test.core.CreateDriver">
    <failure type="java.lang.NullPointerException">
      <![CDATA[java.lang.NullPointerException
	at com.test.core.CreateDriver.end(CreateDriver.java:61)
... Removed 23 stack frames]]>
    </failure>
  </testcase> <!-- @AfterTest end -->
  <testcase name="getTitleofContactPage" time="0.015" classname="com.test.cases.GetTitleofContact_Test"/>
</testsuite> <!-- Test -->
