<?xml version="1.0" encoding="UTF-8"?>
<testng-results skipped="0" failed="0" ignored="0" total="1" passed="1">
  <reporter-output>
  </reporter-output>
  <suite name="Suite" duration-ms="29362" started-at="2017-07-25T09:19:55Z" finished-at="2017-07-25T09:20:24Z">
    <groups>
    </groups>
    <test name="Test" duration-ms="29362" started-at="2017-07-25T09:19:55Z" finished-at="2017-07-25T09:20:24Z">
      <class name="com.test.cases.GetTitleofContact_Test">
        <test-method status="PASS" signature="start(java.lang.String)[pri:0, instance:com.test.cases.GetTitleofContact_Test@3b084709]" name="start" is-config="true" duration-ms="8469" started-at="2017-07-25T14:49:55Z" finished-at="2017-07-25T14:50:03Z">
          <params>
            <param index="0">
              <value>
                <![CDATA[firefox]]>
              </value>
            </param>
          </params>
          <reporter-output>
          </reporter-output>
        </test-method> <!-- start -->
        <test-method status="PASS" signature="getTitleofContactPage()[pri:2, instance:com.test.cases.GetTitleofContact_Test@3b084709]" name="getTitleofContactPage" duration-ms="20489" started-at="2017-07-25T14:50:03Z" finished-at="2017-07-25T14:50:24Z">
          <reporter-output>
          </reporter-output>
        </test-method> <!-- getTitleofContactPage -->
        <test-method status="PASS" signature="end()[pri:0, instance:com.test.cases.GetTitleofContact_Test@3b084709]" name="end" is-config="true" duration-ms="372" started-at="2017-07-25T14:50:24Z" finished-at="2017-07-25T14:50:24Z">
          <reporter-output>
          </reporter-output>
        </test-method> <!-- end -->
      </class> <!-- com.test.cases.GetTitleofContact_Test -->
    </test> <!-- Test -->
  </suite> <!-- Suite -->
</testng-results>
